<?xml version="1.0" encoding="UTF-8"?>
<!-- Generated by org.testng.reporters.JUnitXMLReporter -->
<testsuite ignored="0" hostname="DESKTOP-T8KK8TA" failures="0" tests="3" name="Default test" time="12.333" errors="0" timestamp="2023-10-12T20:41:52 ICT">
  <testcase classname="SearchPage.Search" name="testSearch1_With_EmptyData" time="2.082"/>
  <testcase classname="SearchPage.Search" name="testSearch2_Data_Not_Exist" time="3.103"/>
  <testcase classname="SearchPage.Search" name="testSearch3_ProductName_Absolute" time="3.113"/>
</testsuite> <!-- Default test -->
