<?xml version="1.0" encoding="UTF-8"?>
<testng-results ignored="0" total="1" passed="1" failed="0" skipped="0">
  <reporter-output>
  </reporter-output>
  <suite started-at="2023-10-10T20:56:55 ICT" name="Default suite" finished-at="2023-10-10T20:57:06 ICT" duration-ms="10814">
    <groups>
    </groups>
    <test started-at="2023-10-10T20:56:55 ICT" name="Default test" finished-at="2023-10-10T20:57:06 ICT" duration-ms="10814">
      <class name="MyAccountPage.AccountPage">
        <test-method is-config="true" signature="setUp()[pri:0, instance:MyAccountPage.AccountPage@217ed35e]" started-at="2023-10-10T20:56:55 ICT" name="setUp" finished-at="2023-10-10T20:56:57 ICT" duration-ms="1692" status="PASS">
          <reporter-output>
          </reporter-output>
        </test-method> <!-- setUp -->
        <test-method is-config="true" signature="openMyAcc()[pri:0, instance:MyAccountPage.AccountPage@217ed35e]" started-at="2023-10-10T20:56:57 ICT" name="openMyAcc" finished-at="2023-10-10T20:57:03 ICT" duration-ms="6227" status="PASS">
          <reporter-output>
          </reporter-output>
        </test-method> <!-- openMyAcc -->
        <test-method signature="testMyAcc1_Update_Information_Cus()[pri:0, instance:MyAccountPage.AccountPage@217ed35e]" started-at="2023-10-10T20:57:03 ICT" name="testMyAcc1_Update_Information_Cus" finished-at="2023-10-10T20:57:06 ICT" duration-ms="2860" status="PASS">
          <reporter-output>
          </reporter-output>
        </test-method> <!-- testMyAcc1_Update_Information_Cus -->
      </class> <!-- MyAccountPage.AccountPage -->
    </test> <!-- Default test -->
  </suite> <!-- Default suite -->
</testng-results>
